<?xml version="1.0" encoding="UTF-8"?>
<!-- Generated by org.testng.reporters.JUnitReportReporter -->
<testsuite hostname="LAPTOP-D0G4RM9N" failures="0" tests="2" name="pac1.ContactTest" time="0.003" errors="0" timestamp="2024-06-13T09:52:28 IST" skipped="0">
  <testcase classname="pac1.ContactTest" name="createOrgTest" time="0.003"/>
  <testcase classname="pac1.ContactTest" name="modifyorgTest" time="0.000"/>
</testsuite> <!-- pac1.ContactTest -->
