<?xml version="1.0" encoding="UTF-8"?>
<!-- Generated by org.testng.reporters.JUnitReportReporter -->
<testsuite hostname="LAPTOP-D0G4RM9N" failures="0" tests="2" name="pac2.OrgTest" time="0.001" errors="0" timestamp="2024-06-12T17:38:00 IST" skipped="0">
  <testcase classname="pac2.OrgTest" name="createcontactTest" time="0.001"/>
  <testcase classname="pac2.OrgTest" name="modifycontactTest" time="0.000"/>
</testsuite> <!-- pac2.OrgTest -->
